<?xml version="1.0" encoding="UTF-8"?>
<testsuite name="hello.hellospring.service.MemberServiceTest" tests="1" skipped="0" failures="0" errors="0" timestamp="2022-11-24T23:59:04" hostname="daou-kaye.local" time="0.042">
  <properties/>
  <testcase name="회원가입()" classname="hello.hellospring.service.MemberServiceTest" time="0.042"/>
  <system-out><![CDATA[join = 1ms
]]></system-out>
  <system-err><![CDATA[]]></system-err>
</testsuite>
