<?xml version="1.0" encoding="UTF-8"?>
<testsuite name="hello.hellospring.HelloSpringApplicationTests" tests="1" skipped="0" failures="0" errors="0" timestamp="2022-11-17T23:41:01" hostname="DAOU-KAYE" time="0.663">
  <properties/>
  <testcase name="contextLoads()" classname="hello.hellospring.HelloSpringApplicationTests" time="0.663"/>
  <system-out><![CDATA[08:40:58.239 [Test worker] DEBUG org.springframework.test.context.BootstrapUtils - Instantiating CacheAwareContextLoaderDelegate from class [org.springframework.test.context.cache.DefaultCacheAwareContextLoaderDelegate]
08:40:58.254 [Test worker] DEBUG org.springframework.test.context.BootstrapUtils - Instantiating BootstrapContext using constructor [public org.springframework.test.context.support.DefaultBootstrapContext(java.lang.Class,org.springframework.test.context.CacheAwareContextLoaderDelegate)]
08:40:58.293 [Test worker] DEBUG org.springframework.test.context.BootstrapUtils - Instantiating TestContextBootstrapper for test class [hello.hellospring.HelloSpringApplicationTests] from class [org.springframework.boot.test.context.SpringBootTestContextBootstrapper]
08:40:58.308 [Test worker] INFO org.springframework.boot.test.context.SpringBootTestContextBootstrapper - Neither @ContextConfiguration nor @ContextHierarchy found for test class [hello.hellospring.HelloSpringApplicationTests], using SpringBootContextLoader
08:40:58.312 [Test worker] DEBUG org.springframework.test.context.support.AbstractContextLoader - Did not detect default resource location for test class [hello.hellospring.HelloSpringApplicationTests]: class path resource [hello/hellospring/HelloSpringApplicationTests-context.xml] does not exist
08:40:58.313 [Test worker] DEBUG org.springframework.test.context.support.AbstractContextLoader - Did not detect default resource location for test class [hello.hellospring.HelloSpringApplicationTests]: class path resource [hello/hellospring/HelloSpringApplicationTestsContext.groovy] does not exist
08:40:58.313 [Test worker] INFO org.springframework.test.context.support.AbstractContextLoader - Could not detect default resource locations for test class [hello.hellospring.HelloSpringApplicationTests]: no resource found for suffixes {-context.xml, Context.groovy}.
08:40:58.314 [Test worker] INFO org.springframework.test.context.support.AnnotationConfigContextLoaderUtils - Could not detect default configuration classes for test class [hello.hellospring.HelloSpringApplicationTests]: HelloSpringApplicationTests does not declare any static, non-private, non-final, nested classes annotated with @Configuration.
08:40:58.361 [Test worker] DEBUG org.springframework.test.context.support.ActiveProfilesUtils - Could not find an 'annotation declaring class' for annotation type [org.springframework.test.context.ActiveProfiles] and class [hello.hellospring.HelloSpringApplicationTests]
08:40:58.426 [Test worker] DEBUG org.springframework.context.annotation.ClassPathScanningCandidateComponentProvider - Identified candidate component class: file [C:\Users\User\Documents\spring_study\hello-spring\build\classes\java\main\hello\hellospring\HelloSpringApplication.class]
08:40:58.428 [Test worker] INFO org.springframework.boot.test.context.SpringBootTestContextBootstrapper - Found @SpringBootConfiguration hello.hellospring.HelloSpringApplication for test class hello.hellospring.HelloSpringApplicationTests
08:40:58.532 [Test worker] DEBUG org.springframework.boot.test.context.SpringBootTestContextBootstrapper - @TestExecutionListeners is not present for class [hello.hellospring.HelloSpringApplicationTests]: using defaults.
08:40:58.533 [Test worker] INFO org.springframework.boot.test.context.SpringBootTestContextBootstrapper - Loaded default TestExecutionListener class names from location [META-INF/spring.factories]: [org.springframework.boot.test.autoconfigure.restdocs.RestDocsTestExecutionListener, org.springframework.boot.test.autoconfigure.web.client.MockRestServiceServerResetTestExecutionListener, org.springframework.boot.test.autoconfigure.web.servlet.MockMvcPrintOnlyOnFailureTestExecutionListener, org.springframework.boot.test.autoconfigure.web.servlet.WebDriverTestExecutionListener, org.springframework.boot.test.autoconfigure.webservices.client.MockWebServiceServerTestExecutionListener, org.springframework.boot.test.mock.mockito.MockitoTestExecutionListener, org.springframework.boot.test.mock.mockito.ResetMocksTestExecutionListener, org.springframework.test.context.web.ServletTestExecutionListener, org.springframework.test.context.support.DirtiesContextBeforeModesTestExecutionListener, org.springframework.test.context.event.ApplicationEventsTestExecutionListener, org.springframework.test.context.support.DependencyInjectionTestExecutionListener, org.springframework.test.context.support.DirtiesContextTestExecutionListener, org.springframework.test.context.transaction.TransactionalTestExecutionListener, org.springframework.test.context.jdbc.SqlScriptsTestExecutionListener, org.springframework.test.context.event.EventPublishingTestExecutionListener]
08:40:58.545 [Test worker] DEBUG org.springframework.boot.test.context.SpringBootTestContextBootstrapper - Skipping candidate TestExecutionListener [org.springframework.test.context.transaction.TransactionalTestExecutionListener] due to a missing dependency. Specify custom listener classes or make the default listener classes and their required dependencies available. Offending class: [org/springframework/transaction/interceptor/TransactionAttributeSource]
08:40:58.546 [Test worker] DEBUG org.springframework.boot.test.context.SpringBootTestContextBootstrapper - Skipping candidate TestExecutionListener [org.springframework.test.context.jdbc.SqlScriptsTestExecutionListener] due to a missing dependency. Specify custom listener classes or make the default listener classes and their required dependencies available. Offending class: [org/springframework/transaction/interceptor/TransactionAttribute]
08:40:58.546 [Test worker] INFO org.springframework.boot.test.context.SpringBootTestContextBootstrapper - Using TestExecutionListeners: [org.springframework.test.context.web.ServletTestExecutionListener@600b0b7, org.springframework.test.context.support.DirtiesContextBeforeModesTestExecutionListener@345e5a17, org.springframework.test.context.event.ApplicationEventsTestExecutionListener@5ea502e0, org.springframework.boot.test.mock.mockito.MockitoTestExecutionListener@443dbe42, org.springframework.boot.test.autoconfigure.SpringBootDependencyInjectionTestExecutionListener@473b3b7a, org.springframework.test.context.support.DirtiesContextTestExecutionListener@1734f68, org.springframework.test.context.event.EventPublishingTestExecutionListener@77b7ffa4, org.springframework.boot.test.autoconfigure.restdocs.RestDocsTestExecutionListener@5ed190be, org.springframework.boot.test.autoconfigure.web.client.MockRestServiceServerResetTestExecutionListener@402f80f5, org.springframework.boot.test.autoconfigure.web.servlet.MockMvcPrintOnlyOnFailureTestExecutionListener@5bbc9f97, org.springframework.boot.test.autoconfigure.web.servlet.WebDriverTestExecutionListener@133e019b, org.springframework.boot.test.autoconfigure.webservices.client.MockWebServiceServerTestExecutionListener@41382722, org.springframework.boot.test.mock.mockito.ResetMocksTestExecutionListener@7dac3fd8]
08:40:58.549 [Test worker] DEBUG org.springframework.test.context.support.AbstractDirtiesContextTestExecutionListener - Before test class: context [DefaultTestContext@5528a42c testClass = HelloSpringApplicationTests, testInstance = [null], testMethod = [null], testException = [null], mergedContextConfiguration = [WebMergedContextConfiguration@2a551a63 testClass = HelloSpringApplicationTests, locations = '{}', classes = '{class hello.hellospring.HelloSpringApplication}', contextInitializerClasses = '[]', activeProfiles = '{}', propertySourceLocations = '{}', propertySourceProperties = '{org.springframework.boot.test.context.SpringBootTestContextBootstrapper=true}', contextCustomizers = set[org.springframework.boot.test.autoconfigure.actuate.metrics.MetricsExportContextCustomizerFactory$DisableMetricExportContextCustomizer@78fbff54, org.springframework.boot.test.autoconfigure.properties.PropertyMappingContextCustomizer@0, org.springframework.boot.test.autoconfigure.web.servlet.WebDriverContextCustomizerFactory$Customizer@1cbf6e72, org.springframework.boot.test.context.filter.ExcludeFilterContextCustomizer@25b2cfcb, org.springframework.boot.test.json.DuplicateJsonObjectContextCustomizerFactory$DuplicateJsonObjectContextCustomizer@21baa903, org.springframework.boot.test.mock.mockito.MockitoContextCustomizer@0, org.springframework.boot.test.web.client.TestRestTemplateContextCustomizer@20a8a64e, org.springframework.boot.test.context.SpringBootTestArgs@1, org.springframework.boot.test.context.SpringBootTestWebEnvironment@776a6d9b], resourceBasePath = 'src/main/webapp', contextLoader = 'org.springframework.boot.test.context.SpringBootContextLoader', parent = [null]], attributes = map['org.springframework.test.context.web.ServletTestExecutionListener.activateListener' -> true]], class annotated with @DirtiesContext [false] with mode [null].

  .   ____          _            __ _ _
 /\\ / ___'_ __ _ _(_)_ __  __ _ \ \ \ \
( ( )\___ | '_ | '_| | '_ \/ _` | \ \ \ \
 \\/  ___)| |_)| | | | | || (_| |  ) ) ) )
  '  |____| .__|_| |_|_| |_\__, | / / / /
 =========|_|==============|___/=/_/_/_/
 :: Spring Boot ::                (v2.7.5)

2022-11-18 08:40:58.919  INFO 21016 --- [    Test worker] h.h.HelloSpringApplicationTests          : Starting HelloSpringApplicationTests using Java 11.0.16.1 on daou-kaye with PID 21016 (started by User in C:\Users\User\Documents\spring_study\hello-spring)
2022-11-18 08:40:58.920  INFO 21016 --- [    Test worker] h.h.HelloSpringApplicationTests          : No active profile set, falling back to 1 default profile: "default"
2022-11-18 08:41:00.579  INFO 21016 --- [    Test worker] o.s.b.a.w.s.WelcomePageHandlerMapping    : Adding welcome page: class path resource [static/index.html]
2022-11-18 08:41:01.037  INFO 21016 --- [    Test worker] h.h.HelloSpringApplicationTests          : Started HelloSpringApplicationTests in 2.442 seconds (JVM running for 5.015)
]]></system-out>
  <system-err><![CDATA[]]></system-err>
</testsuite>
